<?xml version="1.0" encoding="UTF-8"?>
<testng-results ignored="0" total="1" passed="1" failed="0" skipped="0">
  <reporter-output>
  </reporter-output>
  <suite started-at="2021-08-25T04:51:41Z" name="Suite" finished-at="2021-08-25T04:52:09Z" duration-ms="28425">
    <groups>
    </groups>
    <test started-at="2021-08-25T04:51:41Z" name="Test" finished-at="2021-08-25T04:52:09Z" duration-ms="28425">
      <class name="ProFrameWork.ProFrameWork.FlipKartHomePageTest">
        <test-method is-config="true" signature="Initialize()[pri:0, instance:ProFrameWork.ProFrameWork.FlipKartHomePageTest@778d1062]" started-at="2021-08-25T04:51:41Z" name="Initialize" finished-at="2021-08-25T04:51:50Z" duration-ms="9449" status="PASS">
          <reporter-output>
          </reporter-output>
        </test-method> <!-- Initialize -->
        <test-method signature="flipkartHomecheck()[pri:0, instance:ProFrameWork.ProFrameWork.FlipKartHomePageTest@778d1062]" started-at="2021-08-25T04:51:50Z" name="flipkartHomecheck" finished-at="2021-08-25T04:52:09Z" duration-ms="18947" status="PASS">
          <reporter-output>
          </reporter-output>
        </test-method> <!-- flipkartHomecheck -->
        <test-method is-config="true" signature="TearDown()[pri:0, instance:ProFrameWork.ProFrameWork.FlipKartHomePageTest@778d1062]" started-at="2021-08-25T04:52:09Z" name="TearDown" finished-at="2021-08-25T04:52:09Z" duration-ms="0" status="PASS">
          <reporter-output>
          </reporter-output>
        </test-method> <!-- TearDown -->
      </class> <!-- ProFrameWork.ProFrameWork.FlipKartHomePageTest -->
    </test> <!-- Test -->
  </suite> <!-- Suite -->
</testng-results>
